[2025-03-31 22:53:04] This is codeql database create mydb-python --language=python --source-root=. --overwrite
[2025-03-31 22:53:04] Log file was started late.
[2025-03-31 22:53:04] [PROGRESS] database create> Initializing database at /mnt/c/Users/John Ledet/Software Security/SAST/mydb-python.
[2025-03-31 22:53:04] Running plumbing command: codeql database init --overwrite --language=python --extractor-options-verbosity=1 --qlconfig-file=/mnt/c/Users/John Ledet/Software Security/SAST/qlconfig.yml --source-root=/mnt/c/Users/John Ledet/Software Security/SAST --allow-missing-source-root=false --allow-already-existing -- /mnt/c/Users/John Ledet/Software Security/SAST/mydb-python
[2025-03-31 22:53:04] Calling plumbing command: codeql resolve languages --extractor-options-verbosity=1 --format=betterjson
[2025-03-31 22:53:05] [DETAILS] resolve languages> Scanning for [codeql-extractor.yml] from /mnt/c/Users/John Ledet/codeql-linux64/codeql/.codeqlmanifest.json
[2025-03-31 22:53:05] [DETAILS] resolve languages> Parsing /mnt/c/Users/John Ledet/codeql-linux64/codeql/actions/codeql-extractor.yml.
[2025-03-31 22:53:05] [DETAILS] resolve languages> Parsing /mnt/c/Users/John Ledet/codeql-linux64/codeql/cpp/codeql-extractor.yml.
[2025-03-31 22:53:05] [DETAILS] resolve languages> Parsing /mnt/c/Users/John Ledet/codeql-linux64/codeql/csharp/codeql-extractor.yml.
[2025-03-31 22:53:05] [DETAILS] resolve languages> Parsing /mnt/c/Users/John Ledet/codeql-linux64/codeql/csv/codeql-extractor.yml.
[2025-03-31 22:53:05] [DETAILS] resolve languages> Parsing /mnt/c/Users/John Ledet/codeql-linux64/codeql/go/codeql-extractor.yml.
[2025-03-31 22:53:05] [DETAILS] resolve languages> Parsing /mnt/c/Users/John Ledet/codeql-linux64/codeql/html/codeql-extractor.yml.
[2025-03-31 22:53:05] [DETAILS] resolve languages> Parsing /mnt/c/Users/John Ledet/codeql-linux64/codeql/java/codeql-extractor.yml.
[2025-03-31 22:53:05] [DETAILS] resolve languages> Parsing /mnt/c/Users/John Ledet/codeql-linux64/codeql/javascript/codeql-extractor.yml.
[2025-03-31 22:53:05] [DETAILS] resolve languages> Parsing /mnt/c/Users/John Ledet/codeql-linux64/codeql/properties/codeql-extractor.yml.
[2025-03-31 22:53:05] [DETAILS] resolve languages> Parsing /mnt/c/Users/John Ledet/codeql-linux64/codeql/python/codeql-extractor.yml.
[2025-03-31 22:53:05] [DETAILS] resolve languages> Parsing /mnt/c/Users/John Ledet/codeql-linux64/codeql/ruby/codeql-extractor.yml.
[2025-03-31 22:53:05] [DETAILS] resolve languages> Parsing /mnt/c/Users/John Ledet/codeql-linux64/codeql/swift/codeql-extractor.yml.
[2025-03-31 22:53:05] [DETAILS] resolve languages> Parsing /mnt/c/Users/John Ledet/codeql-linux64/codeql/xml/codeql-extractor.yml.
[2025-03-31 22:53:05] [DETAILS] resolve languages> Parsing /mnt/c/Users/John Ledet/codeql-linux64/codeql/yaml/codeql-extractor.yml.
[2025-03-31 22:53:05] Plumbing command codeql resolve languages completed:
                      {
                        "aliases" : {
                          "c" : "cpp",
                          "c++" : "cpp",
                          "c-c++" : "cpp",
                          "c-cpp" : "cpp",
                          "c#" : "csharp",
                          "java-kotlin" : "java",
                          "kotlin" : "java",
                          "javascript-typescript" : "javascript",
                          "typescript" : "javascript"
                        },
                        "extractors" : {
                          "actions" : [
                            {
                              "extractor_root" : "/mnt/c/Users/John Ledet/codeql-linux64/codeql/actions",
                              "extractor_options" : { }
                            }
                          ],
                          "cpp" : [
                            {
                              "extractor_root" : "/mnt/c/Users/John Ledet/codeql-linux64/codeql/cpp",
                              "extractor_options" : {
                                "scale_timeouts" : {
                                  "title" : "Value to scale compiler introspection timeouts with",
                                  "description" : "The extractor attempts to determine what compiler the source code being extracted is compiled with. To this end the extractor makes additional calls to the compiler, some of which are expected to return within a certain fixed time (either 10s or 15s). On some systems that are under high load this time might be too short, and can be scaled up using this option.\n",
                                  "type" : "string",
                                  "pattern" : "[0-9]+"
                                },
                                "log_verbosity" : {
                                  "title" : "Verbosity of the extractor logging",
                                  "description" : "Set the verbosity of the extractor logging to 'quiet' (0), 'normal' (1), 'chatty' (2), or 'noisy' (3). The default is 'normal'.\n",
                                  "type" : "string",
                                  "pattern" : "[0-3]"
                                }
                              }
                            }
                          ],
                          "csharp" : [
                            {
                              "extractor_root" : "/mnt/c/Users/John Ledet/codeql-linux64/codeql/csharp",
                              "extractor_options" : {
                                "trap" : {
                                  "title" : "Options pertaining to TRAP.",
                                  "description" : "Options pertaining to TRAP.",
                                  "type" : "object",
                                  "properties" : {
                                    "compression" : {
                                      "title" : "Controls compression for the TRAP files written by the extractor.",
                                      "description" : "This option is only intended for use in debugging the extractor. Accepted values are 'brotli' (the default, to write brotli-compressed TRAP), 'gzip', and 'none' (to write uncompressed TRAP).\n",
                                      "type" : "string",
                                      "pattern" : "^(none|gzip|brotli)$"
                                    }
                                  }
                                },
                                "buildless" : {
                                  "title" : "DEPRECATED - Whether to use buildless (standalone) extraction.",
                                  "description" : "DEPRECATED: Use `--build-mode none` instead.\nA value indicating, which type of extraction the autobuilder should perform. If 'true', then the standalone extractor will be used, otherwise tracing extraction will be performed. The default is 'false'. Note that buildless extraction will generally yield less accurate analysis results, and should only be used in cases where it is not possible to build the code (for example if it uses inaccessible dependencies).\n",
                                  "type" : "string",
                                  "pattern" : "^(false|true)$"
                                },
                                "logging" : {
                                  "title" : "Options pertaining to logging.",
                                  "description" : "Options pertaining to logging.",
                                  "type" : "object",
                                  "properties" : {
                                    "verbosity" : {
                                      "title" : "Extractor logging verbosity level.",
                                      "description" : "Controls the level of verbosity of the extractor. The supported levels are (in order of increasing verbosity):\n  - off\n  - errors\n  - warnings\n  - info or progress\n  - debug or progress+\n  - trace or progress++\n  - progress+++\n",
                                      "type" : "string",
                                      "pattern" : "^(off|errors|warnings|(info|progress)|(debug|progress\\+)|(trace|progress\\+\\+)|progress\\+\\+\\+)$"
                                    }
                                  }
                                },
                                "binlog" : {
                                  "title" : "Binlog",
                                  "description" : "[EXPERIMENTAL] The value is a path to the MsBuild binary log file that should be extracted. This option only works when `--build-mode none` is also specified.\n",
                                  "type" : "array"
                                }
                              }
                            }
                          ],
                          "csv" : [
                            {
                              "extractor_root" : "/mnt/c/Users/John Ledet/codeql-linux64/codeql/csv"
                            }
                          ],
                          "go" : [
                            {
                              "extractor_root" : "/mnt/c/Users/John Ledet/codeql-linux64/codeql/go",
                              "extractor_options" : {
                                "extract_tests" : {
                                  "title" : "Whether to include Go test files in the CodeQL database.",
                                  "description" : "A value indicating whether Go test files should be included in the CodeQL database. The default is 'false'.\n",
                                  "type" : "string",
                                  "pattern" : "^(false|true)$"
                                },
                                "extract_vendor_dirs" : {
                                  "title" : "Whether to include Go vendor directories in the CodeQL database.",
                                  "description" : "A value indicating whether Go vendor directories should be included in the CodeQL database. The default is 'false'.\n",
                                  "type" : "string",
                                  "pattern" : "^(false|true)$"
                                }
                              }
                            }
                          ],
                          "html" : [
                            {
                              "extractor_root" : "/mnt/c/Users/John Ledet/codeql-linux64/codeql/html"
                            }
                          ],
                          "java" : [
                            {
                              "extractor_root" : "/mnt/c/Users/John Ledet/codeql-linux64/codeql/java",
                              "extractor_options" : {
                                "exclude" : {
                                  "title" : "A glob excluding files from analysis.",
                                  "description" : "A glob indicating what files to exclude from the analysis.\n",
                                  "type" : "string"
                                },
                                "add_prefer_source" : {
                                  "title" : "Whether to always prefer source files over class files.",
                                  "description" : "A value indicating whether source files should be preferred over class files. If set to 'true', the extraction adds '-Xprefer:source' to the javac command line. If set to 'false', the extraction uses the default javac behavior ('-Xprefer:newer'). The default is 'true'.\n",
                                  "type" : "string",
                                  "pattern" : "^(false|true)$"
                                },
                                "buildless" : {
                                  "title" : "Whether to use buildless (standalone) extraction (experimental).",
                                  "description" : "A value indicating, which type of extraction the autobuilder should perform. If 'true', then the standalone extractor will be used, otherwise tracing extraction will be performed. The default is 'false'. Note that buildless extraction will generally yield less accurate analysis results, and should only be used in cases where it is not possible to build the code (for example if it uses inaccessible dependencies).\n",
                                  "type" : "string",
                                  "pattern" : "^(false|true)$"
                                }
                              }
                            }
                          ],
                          "javascript" : [
                            {
                              "extractor_root" : "/mnt/c/Users/John Ledet/codeql-linux64/codeql/javascript",
                              "extractor_options" : {
                                "skip_types" : {
                                  "title" : "Skip type extraction for TypeScript",
                                  "description" : "Whether to skip the extraction of types in a TypeScript application",
                                  "type" : "string",
                                  "pattern" : "^(false|true)$"
                                }
                              }
                            }
                          ],
                          "properties" : [
                            {
                              "extractor_root" : "/mnt/c/Users/John Ledet/codeql-linux64/codeql/properties"
                            }
                          ],
                          "python" : [
                            {
                              "extractor_root" : "/mnt/c/Users/John Ledet/codeql-linux64/codeql/python",
                              "extractor_options" : {
                                "logging" : {
                                  "title" : "Options pertaining to logging.",
                                  "description" : "Options pertaining to logging.",
                                  "type" : "object",
                                  "properties" : {
                                    "verbosity" : {
                                      "title" : "Python extractor logging verbosity level.",
                                      "description" : "Controls the level of verbosity of the CodeQL Python extractor.\nThe supported levels are (in order of increasing verbosity):\n\n  - off\n  - errors\n  - warnings\n  - info or progress\n  - debug or progress+\n  - trace or progress++\n  - progress+++\n",
                                      "type" : "string",
                                      "pattern" : "^(off|errors|warnings|(info|progress)|(debug|progress\\+)|(trace|progress\\+\\+)|progress\\+\\+\\+)$"
                                    }
                                  }
                                },
                                "python_executable_name" : {
                                  "title" : "Controls the name of the Python executable used by the Python extractor.",
                                  "description" : "The Python extractor uses platform-dependent heuristics to determine the name of the Python executable to use. Specifying a value for this option overrides the name of the Python executable used by the extractor. Accepted values are py, python and python3. Use this setting with caution, the Python extractor requires Python 3 to run.\n",
                                  "type" : "string",
                                  "pattern" : "^(py|python|python3)$"
                                }
                              }
                            }
                          ],
                          "ruby" : [
                            {
                              "extractor_root" : "/mnt/c/Users/John Ledet/codeql-linux64/codeql/ruby",
                              "extractor_options" : {
                                "trap" : {
                                  "title" : "Options pertaining to TRAP.",
                                  "description" : "Options pertaining to TRAP.",
                                  "type" : "object",
                                  "properties" : {
                                    "compression" : {
                                      "title" : "Controls compression for the TRAP files written by the extractor.",
                                      "description" : "This option is only intended for use in debugging the extractor. Accepted values are 'gzip' (the default, to write gzip-compressed TRAP) and 'none' (to write uncompressed TRAP).\n",
                                      "type" : "string",
                                      "pattern" : "^(none|gzip)$"
                                    }
                                  }
                                }
                              }
                            }
                          ],
                          "swift" : [
                            {
                              "extractor_root" : "/mnt/c/Users/John Ledet/codeql-linux64/codeql/swift"
                            }
                          ],
                          "xml" : [
                            {
                              "extractor_root" : "/mnt/c/Users/John Ledet/codeql-linux64/codeql/xml"
                            }
                          ],
                          "yaml" : [
                            {
                              "extractor_root" : "/mnt/c/Users/John Ledet/codeql-linux64/codeql/yaml"
                            }
                          ]
                        }
                      }
[2025-03-31 22:53:05] [PROGRESS] database init> Calculating baseline information in /mnt/c/Users/John Ledet/Software Security/SAST
[2025-03-31 22:53:05] [SPAMMY] database init> Ignoring the following directories when processing baseline information: .git, .hg, .svn.
[2025-03-31 22:53:05] [DETAILS] database init> Running command in /mnt/c/Users/John Ledet/Software Security/SAST: /mnt/c/Users/John Ledet/codeql-linux64/codeql/tools/linux64/scc --by-file --exclude-dir .git,.hg,.svn --format json --no-large --no-min .
[2025-03-31 22:53:06] [SPAMMY] database init> Found 1 baseline files for python.
[2025-03-31 22:53:06] [PROGRESS] database init> Calculated baseline information for languages: python (353ms).
[2025-03-31 22:53:06] [PROGRESS] database init> Resolving extractor python.
[2025-03-31 22:53:06] [DETAILS] database init> Found candidate extractor root for python: /mnt/c/Users/John Ledet/codeql-linux64/codeql/python.
[2025-03-31 22:53:06] [PROGRESS] database init> Successfully loaded extractor Python (python) from /mnt/c/Users/John Ledet/codeql-linux64/codeql/python.
[2025-03-31 22:53:06] [PROGRESS] database init> Created skeleton CodeQL database at /mnt/c/Users/John Ledet/Software Security/SAST/mydb-python. This in-progress database is ready to be populated by an extractor.
[2025-03-31 22:53:06] Plumbing command codeql database init completed.
[2025-03-31 22:53:06] [PROGRESS] database create> Running build command: []
[2025-03-31 22:53:06] Running plumbing command: codeql database trace-command --working-dir=/mnt/c/Users/John Ledet/Software Security/SAST --index-traceless-dbs --no-db-cluster -- /mnt/c/Users/John Ledet/Software Security/SAST/mydb-python
[2025-03-31 22:53:06] Using autobuild script /mnt/c/Users/John Ledet/codeql-linux64/codeql/python/tools/autobuild.sh.
[2025-03-31 22:53:06] [PROGRESS] database trace-command> Running command in /mnt/c/Users/John Ledet/Software Security/SAST: [/mnt/c/Users/John Ledet/codeql-linux64/codeql/python/tools/autobuild.sh]
[2025-03-31 22:53:06] [build-stderr] /bin/sh: 1: python2: Permission denied
[2025-03-31 22:53:07] [build-stdout] No directories containing root identifiers were found. Returning working directory as root.
[2025-03-31 22:53:07] [build-stdout] Will try to guess Python version, as it was not specified in `lgtm.yml`
[2025-03-31 22:53:07] [build-stdout] Trying to guess Python version based on Trove classifiers in setup.py
[2025-03-31 22:53:07] [build-stdout] Did not find setup.py (expected it to be at /mnt/c/Users/John Ledet/Software Security/SAST/setup.py)
[2025-03-31 22:53:07] [build-stdout] Trying to guess Python version based on travis file
[2025-03-31 22:53:07] [build-stdout] Did not find any travis files (expected them at either ['/mnt/c/Users/John Ledet/Software Security/SAST/.travis.yml', '/mnt/c/Users/John Ledet/Software Security/SAST/travis.yml'])
[2025-03-31 22:53:07] [build-stdout] Trying to guess Python version based on installed versions
[2025-03-31 22:53:07] [build-stdout] Wanted to run Python 2, but it is not available. Using Python 3 instead
[2025-03-31 22:53:07] [build-stdout] This script is running Python 3, but Python 2 is also available (as 'python3')
[2025-03-31 22:53:07] [build-stdout] Could not guess Python version, will use default: Python 3
[2025-03-31 22:53:07] [build-stdout] Calling python3 -S /mnt/c/Users/John Ledet/codeql-linux64/codeql/python/tools/python_tracer.py --verbosity 3 -z all -c /mnt/c/Users/John Ledet/Software Security/SAST/mydb-python/working/trap_cache -R /mnt/c/Users/John Ledet/Software Security/SAST
[2025-03-31 22:53:08] [build-stdout] INFO: The Python extractor has recently stopped extracting the standard library by default. If you encounter problems, please let us know by submitting an issue to https://github.com/github/codeql. It is possible to re-enable extraction of the standard library by setting the environment variable CODEQL_EXTRACTOR_PYTHON_EXTRACT_STDLIB.
[2025-03-31 22:53:08] [build-stdout] [INFO] Extraction will use the Python 3 standard library.
[2025-03-31 22:53:08] [build-stdout] [INFO] sys_path is: ['/mnt/c/Users/John Ledet/codeql-linux64/codeql/python/tools', '/usr/lib/python312.zip', '/usr/lib/python3.12', '/usr/lib/python3.12/lib-dynload']
[2025-03-31 22:53:08] [build-stdout] [INFO] Python version 3.12.3
[2025-03-31 22:53:08] [build-stdout] [INFO] Python extractor version 7.1.2
[2025-03-31 22:53:08] [build-stdout] [INFO] [3] Extracted file /mnt/c/Users/John Ledet/Software Security/SAST/vuln.py in 60ms
[2025-03-31 22:53:08] [build-stdout] [INFO] Processed 1 modules in 0.21s
[2025-03-31 22:53:08] Plumbing command codeql database trace-command completed.
[2025-03-31 22:53:08] [PROGRESS] database create> Finalizing database at /mnt/c/Users/John Ledet/Software Security/SAST/mydb-python.
[2025-03-31 22:53:08] Running plumbing command: codeql database finalize --no-db-cluster -- /mnt/c/Users/John Ledet/Software Security/SAST/mydb-python
[2025-03-31 22:53:08] Using pre-finalize script /mnt/c/Users/John Ledet/codeql-linux64/codeql/python/tools/pre-finalize.sh.
[2025-03-31 22:53:08] [PROGRESS] database finalize> Running pre-finalize script /mnt/c/Users/John Ledet/codeql-linux64/codeql/python/tools/pre-finalize.sh in /mnt/c/Users/John Ledet/Software Security/SAST.
[2025-03-31 22:53:08] Running plumbing command: codeql database trace-command --working-dir=/mnt/c/Users/John Ledet/Software Security/SAST --no-tracing -- /mnt/c/Users/John Ledet/Software Security/SAST/mydb-python /mnt/c/Users/John Ledet/codeql-linux64/codeql/python/tools/pre-finalize.sh
[2025-03-31 22:53:08] [PROGRESS] database trace-command> Running command in /mnt/c/Users/John Ledet/Software Security/SAST: [/mnt/c/Users/John Ledet/codeql-linux64/codeql/python/tools/pre-finalize.sh]
[2025-03-31 22:53:09] [build-stderr] Scanning for files in /mnt/c/Users/John Ledet/Software Security/SAST...
[2025-03-31 22:53:09] [build-stderr] /mnt/c/Users/John Ledet/Software Security/SAST/mydb-python: Indexing files in in /mnt/c/Users/John Ledet/Software Security/SAST...
[2025-03-31 22:53:09] [build-stderr] Running command in /mnt/c/Users/John Ledet/Software Security/SAST: [/mnt/c/Users/John Ledet/codeql-linux64/codeql/yaml/tools/index-files.sh, /mnt/c/Users/John Ledet/Software Security/SAST/mydb-python/working/files-to-index17684634357610116025.list]
[2025-03-31 22:53:10] Plumbing command codeql database trace-command completed.
[2025-03-31 22:53:10] [PROGRESS] database finalize> Running TRAP import for CodeQL database at /mnt/c/Users/John Ledet/Software Security/SAST/mydb-python...
[2025-03-31 22:53:10] Running plumbing command: codeql dataset import --dbscheme=/mnt/c/Users/John Ledet/codeql-linux64/codeql/python/semmlecode.python.dbscheme -- /mnt/c/Users/John Ledet/Software Security/SAST/mydb-python/db-python /mnt/c/Users/John Ledet/Software Security/SAST/mydb-python/trap/python
[2025-03-31 22:53:10] Clearing disk cache since the version file /mnt/c/Users/John Ledet/Software Security/SAST/mydb-python/db-python/default/cache/version does not exist
[2025-03-31 22:53:10] Tuple pool not found. Clearing relations with cached strings
[2025-03-31 22:53:10] Trimming disk cache at /mnt/c/Users/John Ledet/Software Security/SAST/mydb-python/db-python/default/cache in mode clear.
[2025-03-31 22:53:10] Sequence stamp origin is -6065698170294571369
[2025-03-31 22:53:10] Pausing evaluation to hard-clear memory at sequence stamp o+0
[2025-03-31 22:53:10] Unpausing evaluation
[2025-03-31 22:53:10] Pausing evaluation to quickly trim disk at sequence stamp o+1
[2025-03-31 22:53:10] Unpausing evaluation
[2025-03-31 22:53:10] Pausing evaluation to zealously trim disk at sequence stamp o+2
[2025-03-31 22:53:10] Unpausing evaluation
[2025-03-31 22:53:10] Trimming completed (19ms): Purged everything.
[2025-03-31 22:53:11] Scanning for files in /mnt/c/Users/John Ledet/Software Security/SAST/mydb-python/trap/python
[2025-03-31 22:53:11] Found 8 TRAP files (448.35 KiB)
[2025-03-31 22:53:11] [PROGRESS] dataset import> Importing TRAP files
[2025-03-31 22:53:11] Importing $files.pWuuZJw4G30JlF-zMxd11H2-qFA=.trap.gz (1 of 8)
[2025-03-31 22:53:11] Importing $flags.GWyBPxn4Vy1wldkSOwPafVKlj4w=.trap.gz (2 of 8)
[2025-03-31 22:53:11] Importing $interpreter3.pJ3SeTenIZec3bbe1wj95BArkps=.trap.gz (3 of 8)
[2025-03-31 22:53:11] Importing $stdlib_33.e3zVhf2Z1I3d9a0qKQ36UHgP5h8=.trap (4 of 8)
[2025-03-31 22:53:11] Importing metadata.trap.gz (5 of 8)
[2025-03-31 22:53:11] Importing codeql.yml.trap.gz (6 of 8)
[2025-03-31 22:53:11] Importing codeql-database.yml.trap.gz (7 of 8)
[2025-03-31 22:53:11] Importing vuln.py.K5iUb4-lMVBNhyryZmh5Soj36bw=.trap.gz (8 of 8)
[2025-03-31 22:53:11] [PROGRESS] dataset import> Merging relations
[2025-03-31 22:53:12] Merging 1 fragment for 'files'.
[2025-03-31 22:53:12] Merged 34 bytes for 'files'.
[2025-03-31 22:53:12] Merging 1 fragment for 'folders'.
[2025-03-31 22:53:12] Merged 42 bytes for 'folders'.
[2025-03-31 22:53:12] Merging 1 fragment for 'containerparent'.
[2025-03-31 22:53:12] Merged 49 bytes for 'containerparent'.
[2025-03-31 22:53:12] Merging 1 fragment for 'py_flags_versioned'.
[2025-03-31 22:53:12] Merged 182 bytes for 'py_flags_versioned'.
[2025-03-31 22:53:12] Merging 1 fragment for 'py_cobjects'.
[2025-03-31 22:53:12] Merged 4486 bytes (4.38 KiB) for 'py_cobjects'.
[2025-03-31 22:53:12] Merging 1 fragment for 'py_cobjecttypes'.
[2025-03-31 22:53:12] Merged 4525 bytes (4.42 KiB) for 'py_cobjecttypes'.
[2025-03-31 22:53:12] Merging 1 fragment for 'py_cobject_sources'.
[2025-03-31 22:53:12] Merged 6659 bytes (6.50 KiB) for 'py_cobject_sources'.
[2025-03-31 22:53:12] Merging 1 fragment for 'py_cobjectnames'.
[2025-03-31 22:53:12] Merged 5747 bytes (5.61 KiB) for 'py_cobjectnames'.
[2025-03-31 22:53:12] Merging 1 fragment for 'py_cmembers_versioned'.
[2025-03-31 22:53:12] Merged 6631 bytes (6.48 KiB) for 'py_cmembers_versioned'.
[2025-03-31 22:53:12] Merging 1 fragment for 'py_special_objects'.
[2025-03-31 22:53:12] Merged 136 bytes for 'py_special_objects'.
[2025-03-31 22:53:12] Merging 1 fragment for 'py_citems'.
[2025-03-31 22:53:12] Merged 502 bytes for 'py_citems'.
[2025-03-31 22:53:12] Merging 1 fragment for 'ext_rettype'.
[2025-03-31 22:53:12] Merged 4038 bytes (3.94 KiB) for 'ext_rettype'.
[2025-03-31 22:53:12] Merging 1 fragment for 'ext_argtype'.
[2025-03-31 22:53:12] Merged 6820 bytes (6.66 KiB) for 'ext_argtype'.
[2025-03-31 22:53:12] Merging 1 fragment for 'ext_argreturn'.
[2025-03-31 22:53:12] Merged 41 bytes for 'ext_argreturn'.
[2025-03-31 22:53:12] Merging 1 fragment for 'ext_proptype'.
[2025-03-31 22:53:12] Merged 343 bytes for 'ext_proptype'.
[2025-03-31 22:53:12] Merging 1 fragment for 'sourceLocationPrefix'.
[2025-03-31 22:53:12] Merged 17 bytes for 'sourceLocationPrefix'.
[2025-03-31 22:53:12] Merging 1 fragment for 'yaml_scalars'.
[2025-03-31 22:53:12] Merged 146 bytes for 'yaml_scalars'.
[2025-03-31 22:53:12] Merging 1 fragment for 'yaml'.
[2025-03-31 22:53:12] Merged 508 bytes for 'yaml'.
[2025-03-31 22:53:12] Merging 1 fragment for 'locations_default'.
[2025-03-31 22:53:12] Merged 450 bytes for 'locations_default'.
[2025-03-31 22:53:12] Merging 1 fragment for 'yaml_locations'.
[2025-03-31 22:53:12] Merged 168 bytes for 'yaml_locations'.
[2025-03-31 22:53:12] Merging 1 fragment for 'py_Modules'.
[2025-03-31 22:53:12] Merged 18 bytes for 'py_Modules'.
[2025-03-31 22:53:12] Merging 1 fragment for 'py_module_path'.
[2025-03-31 22:53:12] Merged 28 bytes for 'py_module_path'.
[2025-03-31 22:53:12] Merging 1 fragment for 'variable'.
[2025-03-31 22:53:12] Merged 49 bytes for 'variable'.
[2025-03-31 22:53:12] Merging 1 fragment for 'py_extracted_version'.
[2025-03-31 22:53:12] Merged 27 bytes for 'py_extracted_version'.
[2025-03-31 22:53:12] Merging 1 fragment for 'py_scope_flow'.
[2025-03-31 22:53:12] Merged 45 bytes for 'py_scope_flow'.
[2025-03-31 22:53:12] Merging 1 fragment for 'py_flow_bb_node'.
[2025-03-31 22:53:12] Merged 58 bytes for 'py_flow_bb_node'.
[2025-03-31 22:53:12] Merging 1 fragment for 'py_successors'.
[2025-03-31 22:53:12] Merged 33 bytes for 'py_successors'.
[2025-03-31 22:53:12] Merging 1 fragment for 'py_idoms'.
[2025-03-31 22:53:12] Merged 33 bytes for 'py_idoms'.
[2025-03-31 22:53:12] Merging 1 fragment for 'locations_ast'.
[2025-03-31 22:53:12] Merged 71 bytes for 'locations_ast'.
[2025-03-31 22:53:12] Merging 1 fragment for 'py_scope_location'.
[2025-03-31 22:53:12] Merged 31 bytes for 'py_scope_location'.
[2025-03-31 22:53:12] Saving string and id pools to disk.
[2025-03-31 22:53:12] [WARN] Failed to delete /mnt/c/Users/John Ledet/Software Security/SAST/mydb-python/db-python/default/pools/0/indices1 (attempt 1)
                             java.nio.file.AccessDeniedException: /mnt/c/Users/John Ledet/Software Security/SAST/mydb-python/db-python/default/pools/0/indices1
                             	at java.base/sun.nio.fs.UnixException.translateToIOException(Unknown Source)
                             	at java.base/sun.nio.fs.UnixException.rethrowAsIOException(Unknown Source)
                             	at java.base/sun.nio.fs.UnixException.rethrowAsIOException(Unknown Source)
                             	at java.base/sun.nio.fs.UnixFileSystemProvider.implDelete(Unknown Source)
                             	at java.base/sun.nio.fs.AbstractFileSystemProvider.delete(Unknown Source)
                             	at java.base/java.nio.file.Files.delete(Unknown Source)
                             	at com.semmle.util.files.FileUtil8.delete(FileUtil8.java:361)
                             	at com.semmle.util.files.FileUtil8.deleteIfExists(FileUtil8.java:394)
                             	at com.semmle.util.files.FileUtil8.lambda$deleteWithRetries$10(FileUtil8.java:628)
                             	at com.semmle.util.files.FileUtil8.performWithRetries(FileUtil8.java:559)
                             	at com.semmle.util.files.FileUtil8.deleteWithRetries(FileUtil8.java:627)
                             	at com.semmle.inmemory.util.MMapResizingIntArray.deleteFiles(MMapResizingIntArray.java:418)
                             	at com.semmle.inmemory.util.DiskIdStore.deleteFiles(DiskIdStore.java:159)
                             	at com.semmle.inmemory.util.NonSequentialDiskPool.deleteFiles(NonSequentialDiskPool.java:90)
                             	at com.semmle.inmemory.stringpool.ExtensionalGeneration.deleteFiles(ExtensionalGeneration.java:408)
                             	at com.semmle.inmemory.stringpool.StringPool.promoteAndSave(StringPool.java:535)
                             	at com.semmle.inmemory.MemoryBackend.saveMetadata(MemoryBackend.java:243)
                             	at com.semmle.inmemory.trap.ImportTasksProcessor.close(ImportTasksProcessor.java:509)
                             	at com.semmle.util.concurrent.FutureUtils.lambda$futureAutoclose$14(FutureUtils.java:222)
                             	at java.base/java.util.concurrent.CompletableFuture.uniHandle(Unknown Source)
                             	at java.base/java.util.concurrent.CompletableFuture$UniHandle.tryFire(Unknown Source)
                             	at java.base/java.util.concurrent.CompletableFuture.postComplete(Unknown Source)
                             	at java.base/java.util.concurrent.CompletableFuture.complete(Unknown Source)
                             	at com.semmle.util.concurrent.Paralleliser.startMoreJobs(Paralleliser.java:126)
                             	at com.semmle.util.concurrent.Paralleliser.lambda$startMoreJobs$2(Paralleliser.java:111)
                             	at java.base/java.util.concurrent.CompletableFuture.uniWhenComplete(Unknown Source)
                             	at java.base/java.util.concurrent.CompletableFuture$UniWhenComplete.tryFire(Unknown Source)
                             	at java.base/java.util.concurrent.CompletableFuture.postComplete(Unknown Source)
                             	at java.base/java.util.concurrent.CompletableFuture$AsyncRun.run(Unknown Source)
                             	at java.base/java.util.concurrent.ThreadPoolExecutor.runWorker(Unknown Source)
                             	at java.base/java.util.concurrent.ThreadPoolExecutor$Worker.run(Unknown Source)
                             	at java.base/java.lang.Thread.run(Unknown Source)
[2025-03-31 22:53:14] Finished importing TRAP files.
[2025-03-31 22:53:14] Read 945.17 KiB of uncompressed TRAP data.
[2025-03-31 22:53:14] Uncompressed relation data size: 181.75 KiB
[2025-03-31 22:53:14] Relation data size: 40.93 KiB (merge rate: 124.00 KiB/s)
[2025-03-31 22:53:14] String pool size: 2.06 MiB
[2025-03-31 22:53:14] ID pool size: 1.09 MiB
[2025-03-31 22:53:14] [PROGRESS] dataset import> Finished writing database (relations: 40.93 KiB; string pool: 2.06 MiB).
[2025-03-31 22:53:14] Pausing evaluation to close the cache at sequence stamp o+63
[2025-03-31 22:53:14] The disk cache is freshly trimmed; leave it be.
[2025-03-31 22:53:14] Unpausing evaluation
[2025-03-31 22:53:14] Plumbing command codeql dataset import completed.
[2025-03-31 22:53:14] [PROGRESS] database finalize> TRAP import complete (3.9s).
[2025-03-31 22:53:14] Running plumbing command: codeql database cleanup -- /mnt/c/Users/John Ledet/Software Security/SAST/mydb-python
[2025-03-31 22:53:14] [PROGRESS] database cleanup> Cleaning up existing TRAP files after import...
[2025-03-31 22:53:14] [PROGRESS] database cleanup> TRAP files cleaned up (46ms).
[2025-03-31 22:53:14] [PROGRESS] database cleanup> Cleaning up scratch directory...
[2025-03-31 22:53:14] [PROGRESS] database cleanup> Scratch directory cleaned up (19ms).
[2025-03-31 22:53:14] Running plumbing command: codeql dataset cleanup -- /mnt/c/Users/John Ledet/Software Security/SAST/mydb-python/db-python
[2025-03-31 22:53:14] [PROGRESS] dataset cleanup> Cleaning up dataset in /mnt/c/Users/John Ledet/Software Security/SAST/mydb-python/db-python.
[2025-03-31 22:53:14] Trimming disk cache at /mnt/c/Users/John Ledet/Software Security/SAST/mydb-python/db-python/default/cache in mode trim.
[2025-03-31 22:53:14] Sequence stamp origin is -6065698153008759880
[2025-03-31 22:53:14] Pausing evaluation to quickly trim memory at sequence stamp o+0
[2025-03-31 22:53:14] Unpausing evaluation
[2025-03-31 22:53:14] Pausing evaluation to zealously trim disk at sequence stamp o+1
[2025-03-31 22:53:14] Unpausing evaluation
[2025-03-31 22:53:14] Trimming completed (13ms): Trimmed disposable data from cache.
[2025-03-31 22:53:14] Pausing evaluation to close the cache at sequence stamp o+2
[2025-03-31 22:53:14] The disk cache is freshly trimmed; leave it be.
[2025-03-31 22:53:14] Unpausing evaluation
[2025-03-31 22:53:14] [PROGRESS] dataset cleanup> Trimmed disposable data from cache.
[2025-03-31 22:53:14] [PROGRESS] dataset cleanup> Finalizing dataset in /mnt/c/Users/John Ledet/Software Security/SAST/mydb-python/db-python
[2025-03-31 22:53:14] [DETAILS] dataset cleanup> Finished deleting ID pool from /mnt/c/Users/John Ledet/Software Security/SAST/mydb-python/db-python (27ms).
[2025-03-31 22:53:14] Plumbing command codeql dataset cleanup completed.
[2025-03-31 22:53:14] Plumbing command codeql database cleanup completed with status 0.
[2025-03-31 22:53:14] [PROGRESS] database finalize> Finished zipping source archive (1.06 KiB).
[2025-03-31 22:53:14] Plumbing command codeql database finalize completed.
[2025-03-31 22:53:14] [PROGRESS] database create> Successfully created database at /mnt/c/Users/John Ledet/Software Security/SAST/mydb-python.
[2025-03-31 22:53:14] Terminating normally.
