[2025-03-31 22:53:09] This is codeql database index-files --include-extension=.yaml --include-extension=.yml --size-limit=5m --language yaml -- /mnt/c/Users/John Ledet/Software Security/SAST/mydb-python
[2025-03-31 22:53:09] Log file was started late.
[2025-03-31 22:53:09] Using index-files script /mnt/c/Users/John Ledet/codeql-linux64/codeql/yaml/tools/index-files.sh.
[2025-03-31 22:53:09] [PROGRESS] database index-files> Scanning for files in /mnt/c/Users/John Ledet/Software Security/SAST...
[2025-03-31 22:53:09] Calling plumbing command: codeql resolve files --include-extension=.yaml --include-extension=.yml --size-limit=5m /mnt/c/Users/John Ledet/Software Security/SAST --format=json
[2025-03-31 22:53:09] [PROGRESS] resolve files> Scanning /mnt/c/Users/John Ledet/Software Security/SAST...
[2025-03-31 22:53:09] [PROGRESS] resolve files> Scanning /mnt/c/Users/John Ledet/Software Security/SAST/.git...
[2025-03-31 22:53:09] [PROGRESS] resolve files> Scanning /mnt/c/Users/John Ledet/Software Security/SAST/.git/hooks...
[2025-03-31 22:53:09] [PROGRESS] resolve files> Scanning /mnt/c/Users/John Ledet/Software Security/SAST/.git/info...
[2025-03-31 22:53:09] [PROGRESS] resolve files> Scanning /mnt/c/Users/John Ledet/Software Security/SAST/.git/logs...
[2025-03-31 22:53:09] [PROGRESS] resolve files> Scanning /mnt/c/Users/John Ledet/Software Security/SAST/.git/logs/refs...
[2025-03-31 22:53:09] [PROGRESS] resolve files> Scanning /mnt/c/Users/John Ledet/Software Security/SAST/.git/logs/refs/heads...
[2025-03-31 22:53:09] [PROGRESS] resolve files> Scanning /mnt/c/Users/John Ledet/Software Security/SAST/.git/logs/refs/remotes...
[2025-03-31 22:53:09] [PROGRESS] resolve files> Scanning /mnt/c/Users/John Ledet/Software Security/SAST/.git/logs/refs/remotes/origin...
[2025-03-31 22:53:09] [PROGRESS] resolve files> Scanning /mnt/c/Users/John Ledet/Software Security/SAST/.git/objects...
[2025-03-31 22:53:09] [PROGRESS] resolve files> Scanning /mnt/c/Users/John Ledet/Software Security/SAST/.git/objects/info...
[2025-03-31 22:53:09] [PROGRESS] resolve files> Scanning /mnt/c/Users/John Ledet/Software Security/SAST/.git/objects/pack...
[2025-03-31 22:53:09] [PROGRESS] resolve files> Scanning /mnt/c/Users/John Ledet/Software Security/SAST/.git/refs...
[2025-03-31 22:53:09] [PROGRESS] resolve files> Scanning /mnt/c/Users/John Ledet/Software Security/SAST/.git/refs/heads...
[2025-03-31 22:53:09] [PROGRESS] resolve files> Scanning /mnt/c/Users/John Ledet/Software Security/SAST/.git/refs/remotes...
[2025-03-31 22:53:09] [PROGRESS] resolve files> Scanning /mnt/c/Users/John Ledet/Software Security/SAST/.git/refs/remotes/origin...
[2025-03-31 22:53:09] [PROGRESS] resolve files> Scanning /mnt/c/Users/John Ledet/Software Security/SAST/.git/refs/tags...
[2025-03-31 22:53:09] [PROGRESS] resolve files> Scanning /mnt/c/Users/John Ledet/Software Security/SAST/mydb-python...
[2025-03-31 22:53:09] [PROGRESS] resolve files> Scanning /mnt/c/Users/John Ledet/Software Security/SAST/mydb-python/diagnostic...
[2025-03-31 22:53:09] [PROGRESS] resolve files> Scanning /mnt/c/Users/John Ledet/Software Security/SAST/mydb-python/diagnostic/extractors...
[2025-03-31 22:53:09] [PROGRESS] resolve files> Scanning /mnt/c/Users/John Ledet/Software Security/SAST/mydb-python/diagnostic/extractors/python...
[2025-03-31 22:53:09] [PROGRESS] resolve files> Scanning /mnt/c/Users/John Ledet/Software Security/SAST/mydb-python/diagnostic/tracer...
[2025-03-31 22:53:09] [PROGRESS] resolve files> Scanning /mnt/c/Users/John Ledet/Software Security/SAST/mydb-python/log...
[2025-03-31 22:53:09] [PROGRESS] resolve files> Scanning /mnt/c/Users/John Ledet/Software Security/SAST/mydb-python/src...
[2025-03-31 22:53:09] [PROGRESS] resolve files> Scanning /mnt/c/Users/John Ledet/Software Security/SAST/mydb-python/src/mnt...
[2025-03-31 22:53:09] [PROGRESS] resolve files> Scanning /mnt/c/Users/John Ledet/Software Security/SAST/mydb-python/src/mnt/c...
[2025-03-31 22:53:09] [PROGRESS] resolve files> Scanning /mnt/c/Users/John Ledet/Software Security/SAST/mydb-python/src/mnt/c/Users...
[2025-03-31 22:53:09] [PROGRESS] resolve files> Scanning /mnt/c/Users/John Ledet/Software Security/SAST/mydb-python/src/mnt/c/Users/John Ledet...
[2025-03-31 22:53:09] [PROGRESS] resolve files> Scanning /mnt/c/Users/John Ledet/Software Security/SAST/mydb-python/src/mnt/c/Users/John Ledet/Software Security...
[2025-03-31 22:53:09] [PROGRESS] resolve files> Scanning /mnt/c/Users/John Ledet/Software Security/SAST/mydb-python/src/mnt/c/Users/John Ledet/Software Security/SAST...
[2025-03-31 22:53:09] [PROGRESS] resolve files> Scanning /mnt/c/Users/John Ledet/Software Security/SAST/mydb-python/trap...
[2025-03-31 22:53:09] [PROGRESS] resolve files> Scanning /mnt/c/Users/John Ledet/Software Security/SAST/mydb-python/trap/python...
[2025-03-31 22:53:09] [PROGRESS] resolve files> Scanning /mnt/c/Users/John Ledet/Software Security/SAST/mydb-python/working...
[2025-03-31 22:53:09] [PROGRESS] resolve files> Scanning /mnt/c/Users/John Ledet/Software Security/SAST/mydb-python/working/trap_cache...
[2025-03-31 22:53:09] [PROGRESS] resolve files> Scanning /mnt/c/Users/John Ledet/Software Security/SAST/mydb-python/working/trap_cache/1...
[2025-03-31 22:53:09] Plumbing command codeql resolve files completed:
                      [
                        "/mnt/c/Users/John Ledet/Software Security/SAST/codeql.yml",
                        "/mnt/c/Users/John Ledet/Software Security/SAST/mydb-python/codeql-database.yml"
                      ]
[2025-03-31 22:53:09] [DETAILS] database index-files> Found 2 files.
[2025-03-31 22:53:09] [PROGRESS] database index-files> /mnt/c/Users/John Ledet/Software Security/SAST/mydb-python: Indexing files in in /mnt/c/Users/John Ledet/Software Security/SAST...
[2025-03-31 22:53:09] Using index-files script /mnt/c/Users/John Ledet/codeql-linux64/codeql/yaml/tools/index-files.sh.
[2025-03-31 22:53:09] [PROGRESS] database index-files> Running command in /mnt/c/Users/John Ledet/Software Security/SAST: [/mnt/c/Users/John Ledet/codeql-linux64/codeql/yaml/tools/index-files.sh, /mnt/c/Users/John Ledet/Software Security/SAST/mydb-python/working/files-to-index17684634357610116025.list]
[2025-03-31 22:53:10] Terminating normally.
