[2025-03-31 22:55:31] This is codeql execute queries -J-Xmx1800M --off-heap-ram=1481 --verbosity=progress --logdir=/mnt/c/Users/John Ledet/Software Security/SAST/mydb-python/log --evaluator-log-level=5 --warnings=show --dynamic-join-order-mode=none --qlconfig-file=/mnt/c/Users/John Ledet/Software Security/SAST/qlconfig.yml --no-rerun --interpret-passthrough=null,--format=sarifv2.1.0,-o=/mnt/c/Users/John Ledet/Software Security/SAST/reslut.sarif,--max-paths=4,--csv-location-format=line-column,--print-diagnostics-summary,--print-metrics-summary,--qlconfig-file=/mnt/c/Users/John Ledet/Software Security/SAST/qlconfig.yml,--,/mnt/c/Users/John Ledet/Software Security/SAST/mydb-python,codeql/python-queries --output=/mnt/c/Users/John Ledet/Software Security/SAST/mydb-python/results -- /mnt/c/Users/John Ledet/Software Security/SAST/mydb-python/db-python codeql/python-queries
[2025-03-31 22:55:31] Calling plumbing command: codeql resolve queries --qlconfig-file=/mnt/c/Users/John Ledet/Software Security/SAST/qlconfig.yml --format=json -- codeql/python-queries
[2025-03-31 22:55:32] Exception caught at top level: Query pack codeql/python-queries cannot be found. Check the spelling of the pack.
                      com.semmle.cli2.resolve.ResolveQueriesCommand.resolveQuerySpecifier(ResolveQueriesCommand.java:298)
                      com.semmle.cli2.resolve.ResolveQueriesCommand.executeJSON(ResolveQueriesCommand.java:211)
                      com.semmle.cli2.resolve.ResolveQueriesCommand.executeJSON(ResolveQueriesCommand.java:68)
                      com.semmle.cli2.picocli.SimpleJsonSubcommand.executeInsistingOnJSONWithExistingMessages(SimpleJsonSubcommand.java:121)
                      com.semmle.cli2.picocli.SubcommandCommon.withCompilationMessages(SubcommandCommon.java:444)
                      com.semmle.cli2.picocli.SimpleJsonSubcommand.executeInsistingOnJSON(SimpleJsonSubcommand.java:110)
                      com.semmle.cli2.picocli.PlumbingRunner.call(PlumbingRunner.java:61)
                      com.semmle.cli2.picocli.SubcommandCommon.callPlumbingInProcess(SubcommandCommon.java:170)
                      com.semmle.cli2.execute.ExecuteQueriesCommand.executeSubcommand(ExecuteQueriesCommand.java:424)
                      com.semmle.cli2.picocli.SubcommandCommon.lambda$executeSubcommandWithMessages$5(SubcommandCommon.java:892)
                      com.semmle.cli2.picocli.SubcommandCommon.withCompilationMessages(SubcommandCommon.java:444)
                      com.semmle.cli2.picocli.SubcommandCommon.executeSubcommandWithMessages(SubcommandCommon.java:890)
                      com.semmle.cli2.picocli.SubcommandCommon.toplevelMain(SubcommandCommon.java:777)
                      com.semmle.cli2.picocli.SubcommandCommon.call(SubcommandCommon.java:757)
                      com.semmle.cli2.picocli.SubcommandMaker.runMain(SubcommandMaker.java:238)
                      com.semmle.cli2.picocli.SubcommandMaker.runMain(SubcommandMaker.java:259)
                      com.semmle.cli2.CodeQL.main(CodeQL.java:115)
